<test-set>
  <test name="person_data Test 1"
    />
  <test name="person_data Test 2"
    />
  <test name="car_data Test 1"
    />
  </test-set>
